\BOOKMARK [0][-]{chapter.1}{\376\377\000S\000t\000a\000r\000t}{}% 1
\BOOKMARK [1][-]{section.1.1}{\376\377\000Z\000i\000e\000l\000s\000e\000t\000z\000u\000n\000g}{chapter.1}% 2
\BOOKMARK [1][-]{section.1.2}{\376\377\000I\000d\000e\000e\000n\000s\000a\000m\000m\000l\000u\000n\000g}{chapter.1}% 3
\BOOKMARK [2][-]{subsection.1.2.1}{\376\377\000S\000t\000a\000r\000k\000s\000t\000r\000o\000m\000\040\000T\000a\000s\000e\000r\000\040\000A\000u\000t\000o}{section.1.2}% 4
\BOOKMARK [2][-]{subsection.1.2.2}{\376\377\000A\000u\000t\000o\000l\000e\000e\000r\000e\000\040\000S\000t\000a\000d\000t}{section.1.2}% 5
\BOOKMARK [2][-]{subsection.1.2.3}{\376\377\000G\000e\000s\000i\000c\000h\000t\000s\000e\000r\000k\000e\000n\000n\000u\000n\000g\000\040\000u\000n\000d\000\040\000S\000t\000a\000r\000t\000u\000n\000t\000e\000r\000b\000r\000e\000c\000h\000u\000n\000g}{section.1.2}% 6
\BOOKMARK [1][-]{section.1.3}{\376\377\000P\000r\000o\000j\000e\000k\000t\000m\000a\000n\000a\000g\000e\000m\000e\000n\000t}{chapter.1}% 7
\BOOKMARK [1][-]{section.1.4}{\376\377\000K\000o\000n\000z\000e\000p\000t}{chapter.1}% 8
\BOOKMARK [2][-]{subsection.1.4.1}{\376\377\000U\000m\000f\000r\000a\000g\000e}{section.1.4}% 9
\BOOKMARK [2][-]{subsection.1.4.2}{\376\377\000P\000e\000r\000s\000o\000n\000a}{section.1.4}% 10
\BOOKMARK [2][-]{subsection.1.4.3}{\376\377\000K\000o\000n\000z\000e\000p\000t}{section.1.4}% 11
\BOOKMARK [0][-]{chapter.2}{\376\377\000E\000n\000t\000w\000i\000c\000k\000l\000u\000n\000g}{}% 12
\BOOKMARK [1][-]{section.2.1}{\376\377\000A\000r\000d\000u\000i\000n\000o}{chapter.2}% 13
\BOOKMARK [2][-]{subsection.2.1.1}{\376\377\000A\000u\000s\000s\000t\000a\000t\000t\000u\000n\000g}{section.2.1}% 14
\BOOKMARK [2][-]{subsection.2.1.2}{\376\377\000S\000o\000f\000t\000w\000a\000r\000e}{section.2.1}% 15
\BOOKMARK [2][-]{subsection.2.1.3}{\376\377\000A\000u\000f\000b\000a\000u\000\040\000C\000o\000d\000e}{section.2.1}% 16
\BOOKMARK [2][-]{subsection.2.1.4}{\376\377\000E\000n\000t\000w\000i\000c\000k\000l\000u\000n\000g\000s\000p\000r\000o\000z\000e\000s\000s}{section.2.1}% 17
\BOOKMARK [2][-]{subsection.2.1.5}{\376\377\000A\000u\000f\000b\000a\000u\000\040\000H\000a\000r\000d\000w\000a\000r\000e}{section.2.1}% 18
\BOOKMARK [2][-]{subsection.2.1.6}{\376\377\000P\000r\000o\000b\000l\000e\000m\000e}{section.2.1}% 19
\BOOKMARK [1][-]{section.2.2}{\376\377\000W\000e\000b\000s\000e\000r\000v\000e\000r}{chapter.2}% 20
\BOOKMARK [2][-]{subsection.2.2.1}{\376\377\000E\000i\000n\000l\000e\000i\000t\000u\000n\000g\000\040\000/\000\040\000N\000o\000t\000w\000e\000n\000d\000i\000g\000k\000e\000i\000t}{section.2.2}% 21
\BOOKMARK [2][-]{subsection.2.2.2}{\376\377\000E\000i\000n\000r\000i\000c\000h\000t\000u\000n\000g\000\040\000d\000e\000s\000\040\000W\000e\000b\000s\000e\000r\000v\000e\000r\000s\000\040\000a\000u\000f\000\040\000e\000i\000n\000e\000m\000\040\000R\000a\000s\000p\000b\000e\000r\000r\000y\000\040\000P\000i}{section.2.2}% 22
\BOOKMARK [2][-]{subsection.2.2.3}{\376\377\000P\000r\000o\000b\000l\000e\000m\000e\000\040\000m\000i\000t\000\040\000d\000e\000m\000\040\000R\000a\000s\000p\000b\000e\000r\000r\000y\000\040\000P\000i}{section.2.2}% 23
\BOOKMARK [2][-]{subsection.2.2.4}{\376\377\000G\000r\000u\000n\000d\000s\000\344\000t\000z\000l\000i\000c\000h\000e\000\040\000\334\000b\000e\000r\000l\000e\000g\000u\000n\000g\000e\000n}{section.2.2}% 24
\BOOKMARK [2][-]{subsection.2.2.5}{\376\377\000T\000e\000s\000t\000p\000o\000r\000g\000r\000a\000m\000m\000e}{section.2.2}% 25
\BOOKMARK [2][-]{subsection.2.2.6}{\376\377\000E\000r\000s\000t\000e\000l\000l\000e\000n\000\040\000d\000e\000r\000\040\000P\000H\000P\000-\000S\000k\000r\000i\000p\000t\000e\000\040\000z\000u\000m\000\040\000E\000m\000p\000f\000a\000n\000g\000e\000n\000\040\000u\000n\000d\000\040\000B\000e\000r\000e\000i\000t\000s\000t\000e\000l\000l\000e\000n\000\040\000v\000o\000n\000\040\000D\000a\000t\000e\000n}{section.2.2}% 26
\BOOKMARK [2][-]{subsection.2.2.7}{\376\377\000V\000e\000r\000s\000c\000h\000l\000\374\000s\000s\000e\000l\000u\000n\000g\000\040\000d\000e\000r\000\040\000D\000a\000t\000e\000n}{section.2.2}% 27
\BOOKMARK [1][-]{section.2.3}{\376\377\000A\000p\000p\000\040\000-\000\040\000A\000n\000d\000r\000o\000i\000d}{chapter.2}% 28
\BOOKMARK [1][-]{section.2.4}{\376\377\000A\000p\000p\000\040\000-\000\040\000i\000O\000S}{chapter.2}% 29
\BOOKMARK [0][-]{chapter.3}{\376\377\000P\000r\000o\000d\000u\000k\000t}{}% 30
\BOOKMARK [1][-]{section.3.1}{\376\377\000P\000r\000o\000d\000u\000k\000t}{chapter.3}% 31
\BOOKMARK [2][-]{subsection.3.1.1}{\376\377\000z\000u\000k\000\374\000n\000f\000t\000i\000g\000e\000s\000\040\000P\000r\000o\000d\000u\000k\000t\000a\000n\000g\000e\000b\000o\000t}{section.3.1}% 32
\BOOKMARK [2][-]{subsection.3.1.2}{\376\377\000V\000e\000r\000g\000l\000e\000i\000c\000h}{section.3.1}% 33
\BOOKMARK [0][-]{chapter.4}{\376\377\000R\000\374\000c\000k\000-\000\040\000u\000n\000d\000\040\000A\000u\000s\000b\000l\000i\000c\000k}{}% 34
\BOOKMARK [1][-]{section.4.1}{\376\377\000R\000\374\000c\000k\000-\000\040\000u\000n\000d\000\040\000A\000u\000s\000b\000l\000i\000c\000k}{chapter.4}% 35
\BOOKMARK [2][-]{subsection.4.1.1}{\376\377\000Z\000u\000k\000\374\000n\000f\000t\000i\000g\000e\000\040\000E\000n\000t\000w\000i\000c\000k\000l\000u\000n\000g}{section.4.1}% 36
\BOOKMARK [0][-]{figure.caption.11}{\376\377\000A\000b\000b\000i\000l\000d\000u\000n\000g\000s\000v\000e\000r\000z\000e\000i\000c\000h\000n\000i\000s}{}% 37
